[debug] > Exec(early(addDefaultCommands), None, None)
[debug] > Exec(addDefaultCommands, None, None)
[debug] > Exec(early(initialize), None, None)
[debug] > Exec(initialize, None, None)
[debug] > Exec(boot, None, None)
[debug] > Exec(writeSbtVersion, None, None)
[debug] > Exec(reload, None, None)
[debug] > Exec(sbtStashOnFailure, None, None)
[debug] > Exec(onFailure loadFailed, None, None)
[debug] > Exec(loadp, None, None)
[info] welcome to sbt 1.7.1 (Amazon.com Inc. Java 17.0.2)
[debug]       Load.loadUnit: plugins took 35.5115ms
[debug]       Load.loadUnit: defsScala took 0.11925ms
[debug] [Loading] Scanning directory /Users/devinanderson/.sbt/1.0/plugins
[debug] [Loading] Found non-root projects 
[debug] [Loading] Done in /Users/devinanderson/.sbt/1.0/plugins, returning: ()
[debug] deducing auto plugins based on known facts Set(Atom(sbt.plugins.CorePlugin)) and clauses Clauses(Clause(Atom(sbt.plugins.JvmPlugin),Set(Atom(sbt.plugins.IvyPlugin)))
[debug] Clause(Atom(sbt.ScriptedPlugin),Set(Atom(sbt.plugins.JvmPlugin)))
[debug] Clause(Atom(sbt.plugins.SbtPlugin),Set(Atom(sbt.ScriptedPlugin)))
[debug] Clause(Atom(sbt.plugins.SemanticdbPlugin),Set(Atom(sbt.plugins.JvmPlugin)))
[debug] Clause(Atom(sbt.plugins.JUnitXmlReportPlugin),Set(Atom(sbt.plugins.JvmPlugin)))
[debug] Clause(Atom(sbt.plugins.MiniDependencyTreePlugin),Set(Atom(sbt.plugins.JvmPlugin)))
[debug] Clause(Atom(sbt.plugins.CorePlugin),Set(Atom(sbt.plugins.IvyPlugin)))
[debug] Clause(Atom(sbt.plugins.IvyPlugin),Set(Atom(sbt.plugins.JvmPlugin)))
[debug] Clause(Atom(sbt.plugins.JvmPlugin),Set(Atom(sbt.plugins.SemanticdbPlugin)))
[debug] Clause(Atom(sbt.plugins.JvmPlugin),Set(Atom(sbt.plugins.JUnitXmlReportPlugin)))
[debug] Clause(Atom(sbt.plugins.CorePlugin),Set(Atom(sbt.plugins.Giter8TemplatePlugin)))
[debug] Clause(Atom(sbt.plugins.JvmPlugin),Set(Atom(sbt.plugins.MiniDependencyTreePlugin))))
[debug]   :: deduced result: Matched(sbt.plugins.CorePlugin,sbt.plugins.Giter8TemplatePlugin,sbt.plugins.IvyPlugin,sbt.plugins.JvmPlugin,sbt.plugins.MiniDependencyTreePlugin,sbt.plugins.JUnitXmlReportPlugin,sbt.plugins.SemanticdbPlugin)
[debug] Plugins.deducer#function took 7.512375 ms
[debug]           Load.resolveProject(global-plugins) took 20.89675ms
[debug]         Load.loadTransitive: finalizeProject(Project(id global-plugins, base: /Users/devinanderson/.sbt/1.0/plugins, plugins: List(<none>))) took 38.7285ms
[debug] [Loading] Done in /Users/devinanderson/.sbt/1.0/plugins, returning: (global-plugins)
[debug]       Load.loadUnit: loadedProjectsRaw took 47.743417ms
[debug]       Load.loadUnit: cleanEvalClasses took 0.116834ms
[debug]     Load.loadUnit(file:/Users/devinanderson/.sbt/1.0/plugins/, ...) took 86.8845ms
[debug]   Load.apply: load took 217.337792ms
[debug]   Load.apply: resolveProjects took 2.207709ms
[debug]   Load.apply: finalTransforms took 24.950333ms
[debug]   Load.apply: config.delegates took 2.726666ms
[debug]   Load.apply: Def.make(settings)... took 192.248292ms
[debug]   Load.apply: structureIndex took 48.33375ms
[debug]   Load.apply: mkStreams took 0.598584ms
[info] loading global plugins from /Users/devinanderson/.sbt/1.0/plugins
[debug] Running task... Cancel: Signal, check cycles: false, forcegc: true
[debug] Load.defaultLoad until apply took 1079.7125ms
[debug]           Load.loadUnit: plugins took 7.857209ms
[debug]           Load.loadUnit: defsScala took 0.002083ms
[debug] [Loading] Scanning directory /Users/devinanderson/Desktop/scala_dev_inside/scala_DIY/project
[debug] [Loading] Found non-root projects 
[debug] [Loading] Done in /Users/devinanderson/Desktop/scala_dev_inside/scala_DIY/project, returning: ()
[debug] deducing auto plugins based on known facts Set(Atom(sbt.plugins.CorePlugin)) and clauses Clauses(Clause(Atom(sbt.plugins.JvmPlugin),Set(Atom(sbt.plugins.IvyPlugin)))
[debug] Clause(Atom(sbt.ScriptedPlugin),Set(Atom(sbt.plugins.JvmPlugin)))
[debug] Clause(Atom(sbt.plugins.SbtPlugin),Set(Atom(sbt.ScriptedPlugin)))
[debug] Clause(Atom(sbt.plugins.SemanticdbPlugin),Set(Atom(sbt.plugins.JvmPlugin)))
[debug] Clause(Atom(sbt.plugins.JUnitXmlReportPlugin),Set(Atom(sbt.plugins.JvmPlugin)))
[debug] Clause(Atom(sbt.plugins.MiniDependencyTreePlugin),Set(Atom(sbt.plugins.JvmPlugin)))
[debug] Clause(Atom(sbt.plugins.CorePlugin),Set(Atom(sbt.plugins.IvyPlugin)))
[debug] Clause(Atom(sbt.plugins.IvyPlugin),Set(Atom(sbt.plugins.JvmPlugin)))
[debug] Clause(Atom(sbt.plugins.JvmPlugin),Set(Atom(sbt.plugins.SemanticdbPlugin)))
[debug] Clause(Atom(sbt.plugins.JvmPlugin),Set(Atom(sbt.plugins.JUnitXmlReportPlugin)))
[debug] Clause(Atom(sbt.plugins.CorePlugin),Set(Atom(sbt.plugins.Giter8TemplatePlugin)))
[debug] Clause(Atom(sbt.plugins.JvmPlugin),Set(Atom(sbt.plugins.MiniDependencyTreePlugin))))
[debug]   :: deduced result: Matched(sbt.plugins.CorePlugin,sbt.plugins.Giter8TemplatePlugin,sbt.plugins.IvyPlugin,sbt.plugins.JvmPlugin,sbt.plugins.MiniDependencyTreePlugin,sbt.plugins.JUnitXmlReportPlugin,sbt.plugins.SemanticdbPlugin)
[debug] Plugins.deducer#function took 0.882917 ms
[debug]               Load.resolveProject(scala_diy-build) took 0.594334ms
[debug]             Load.loadTransitive: finalizeProject(Project(id scala_diy-build, base: /Users/devinanderson/Desktop/scala_dev_inside/scala_DIY/project, plugins: List(<none>))) took 1.814666ms
[debug] [Loading] Done in /Users/devinanderson/Desktop/scala_dev_inside/scala_DIY/project, returning: (scala_diy-build)
[debug]           Load.loadUnit: loadedProjectsRaw took 2.875375ms
[debug]           Load.loadUnit: cleanEvalClasses took 0.017167ms
[debug]         Load.loadUnit(file:/Users/devinanderson/Desktop/scala_dev_inside/scala_DIY/project/, ...) took 11.131041ms
[debug]       Load.apply: load took 11.859291ms
[debug]       Load.apply: resolveProjects took 0.063291ms
[debug]       Load.apply: finalTransforms took 4.311541ms
[debug]       Load.apply: config.delegates took 0.204792ms
[debug]       Load.apply: Def.make(settings)... took 55.130625ms
[debug]       Load.apply: structureIndex took 13.884583ms
[debug]       Load.apply: mkStreams took 0.001625ms
[info] loading project definition from /Users/devinanderson/Desktop/scala_dev_inside/scala_DIY/project
[debug] Running task... Cancel: Signal, check cycles: false, forcegc: true
[debug]     Load.loadUnit: plugins took 461.489084ms
[debug]     Load.loadUnit: defsScala took 0.001291ms
[debug] [Loading] Scanning directory /Users/devinanderson/Desktop/scala_dev_inside/scala_DIY
[debug]       Load.loadUnit: mkEval took 2.494708ms
[debug] [Loading] Found root project root w/ remaining 
[debug] deducing auto plugins based on known facts Set(Atom(sbt.plugins.CorePlugin)) and clauses Clauses(Clause(Atom(sbt.plugins.JvmPlugin),Set(Atom(sbt.plugins.IvyPlugin)))
[debug] Clause(Atom(sbt.ScriptedPlugin),Set(Atom(sbt.plugins.JvmPlugin)))
[debug] Clause(Atom(sbt.plugins.SbtPlugin),Set(Atom(sbt.ScriptedPlugin)))
[debug] Clause(Atom(sbt.plugins.SemanticdbPlugin),Set(Atom(sbt.plugins.JvmPlugin)))
[debug] Clause(Atom(sbt.plugins.JUnitXmlReportPlugin),Set(Atom(sbt.plugins.JvmPlugin)))
[debug] Clause(Atom(sbt.plugins.MiniDependencyTreePlugin),Set(Atom(sbt.plugins.JvmPlugin)))
[debug] Clause(Atom(sbt.plugins.CorePlugin),Set(Atom(sbt.plugins.IvyPlugin)))
[debug] Clause(Atom(sbt.plugins.IvyPlugin),Set(Atom(sbt.plugins.JvmPlugin)))
[debug] Clause(Atom(sbt.plugins.JvmPlugin),Set(Atom(sbt.plugins.SemanticdbPlugin)))
[debug] Clause(Atom(sbt.plugins.JvmPlugin),Set(Atom(sbt.plugins.JUnitXmlReportPlugin)))
[debug] Clause(Atom(sbt.plugins.CorePlugin),Set(Atom(sbt.plugins.Giter8TemplatePlugin)))
[debug] Clause(Atom(sbt.plugins.JvmPlugin),Set(Atom(sbt.plugins.MiniDependencyTreePlugin))))
[debug]   :: deduced result: Matched(sbt.plugins.CorePlugin,sbt.plugins.Giter8TemplatePlugin,sbt.plugins.IvyPlugin,sbt.plugins.JvmPlugin,sbt.plugins.MiniDependencyTreePlugin,sbt.plugins.JUnitXmlReportPlugin,sbt.plugins.SemanticdbPlugin)
[debug] Plugins.deducer#function took 1.7915 ms
[info] loading settings for project root from build.sbt ...
[debug]         Load.resolveProject(root) took 1.374833ms
[debug]       Load.loadTransitive: finalizeProject(Project(id root, base: /Users/devinanderson/Desktop/scala_dev_inside/scala_DIY, plugins: List(<none>))) took 3.648667ms
[debug] [Loading] Done in /Users/devinanderson/Desktop/scala_dev_inside/scala_DIY, returning: (root)
[debug]     Load.loadUnit: loadedProjectsRaw took 1119.692667ms
[debug]     Load.loadUnit: cleanEvalClasses took 1.642458ms
[debug]   Load.loadUnit(file:/Users/devinanderson/Desktop/scala_dev_inside/scala_DIY/, ...) took 1583.240959ms
[debug] Load.apply: load took 1583.954084ms
[debug] Load.apply: resolveProjects took 0.054667ms
[debug] Load.apply: finalTransforms took 4.241333ms
[debug] Load.apply: config.delegates took 0.184667ms
[debug] Load.apply: Def.make(settings)... took 41.10725ms
[debug] Load.apply: structureIndex took 12.579584ms
[debug] Load.apply: mkStreams took 0.001541ms
[info] set current project to scala_DIY (in build file:/Users/devinanderson/Desktop/scala_dev_inside/scala_DIY/)
[debug] > Exec(sbtPopOnFailure, None, None)
[debug] > Exec(resumeFromFailure, None, None)
[debug] > Exec(notifyUsersAboutShell, None, None)
[debug] > Exec(iflast shell, None, None)
[debug] > Exec(shell, None, None)
[info] sbt server started at local:///Users/devinanderson/.sbt/1.0/server/ac155cc0c07265f51cbf/sock
[debug] Writing bsp connection file
[info] started sbt server
